[debug] [2021-04-27T14:47:33.359Z] ----------------------------------------------------------------------
[debug] [2021-04-27T14:47:33.361Z] Command:       /usr/local/bin/firebase /Users/kevinkatsura/.cache/firebase/tools/lib/node_modules/firebase-tools/lib/bin/firebase init
[debug] [2021-04-27T14:47:33.362Z] CLI Version:   9.10.0
[debug] [2021-04-27T14:47:33.362Z] Platform:      darwin
[debug] [2021-04-27T14:47:33.362Z] Node Version:  v12.18.1
[debug] [2021-04-27T14:47:33.364Z] Time:          Tue Apr 27 2021 21:47:33 GMT+0700 (Western Indonesia Time)
[debug] [2021-04-27T14:47:33.365Z] ----------------------------------------------------------------------
[debug] 
[debug] [2021-04-27T14:47:33.370Z] >>> [apiv2][query] GET https://firebase-public.firebaseio.com/cli.json [none]
[debug] [2021-04-27T14:47:33.393Z] > command requires scopes: ["email","openid","https://www.googleapis.com/auth/cloudplatformprojects.readonly","https://www.googleapis.com/auth/firebase","https://www.googleapis.com/auth/cloud-platform"]
[debug] [2021-04-27T14:47:33.393Z] > authorizing via signed-in user (kevin.sitanggang55@gmail.com)
[info] 
     ######## #### ########  ######## ########     ###     ######  ########
     ##        ##  ##     ## ##       ##     ##  ##   ##  ##       ##
     ######    ##  ########  ######   ########  #########  ######  ######
     ##        ##  ##    ##  ##       ##     ## ##     ##       ## ##
     ##       #### ##     ## ######## ########  ##     ##  ######  ########

You're about to initialize a Firebase project in this directory:

  /Users/kevinkatsura/Library/Mobile Documents/com~apple~CloudDocs/Kuliah/Semester4/Strategi Algoritma/Tugas-Besar-III-IF2211-Strategi-Algoritma

[debug] [2021-04-27T14:47:34.245Z] <<< [apiv2][status] GET https://firebase-public.firebaseio.com/cli.json 200
[debug] [2021-04-27T14:47:34.245Z] <<< [apiv2][body] GET https://firebase-public.firebaseio.com/cli.json {"cloudBuildErrorAfter":1594252800000,"cloudBuildWarnAfter":1590019200000,"defaultNode10After":1594252800000,"minVersion":"3.0.5","node8DeploysDisabledAfter":1613390400000,"node8RuntimeDisabledAfter":1615809600000,"node8WarnAfter":1600128000000}
